[2020-06-02--01:03:29] Initial data statistics: 
                         Theorems in training dependencies    : 1000
                         All training dependencies            : 1000
                         Number of conjectures                : 342
                         Conjectures with dependencies        : 0 (0.00%)

[2020-06-02--01:03:29] ### Loop iteration no. 1 ###
[2020-06-02--01:03:30] Preparing training data...
[2020-06-02--01:07:24] Training data prepared
[2020-06-02--01:07:24] Training GNN model...
[2020-06-02--01:19:12] Training GNN model done
[2020-06-02--01:19:12] Model saved to data/MPTP2078/atpboost_data/models/gnn/model/epoch_100
[2020-06-02--01:19:33] Predictions saved to data/MPTP2078/atpboost_data/models/gnn/predictions
[2020-06-02--01:19:33] Proving...
[2020-06-02--01:22:37] Proving done (869 proofs found).
[2020-06-02--01:22:37] Mining...
[2020-06-02--01:22:47] Predictions saved to data/MPTP2078/atpboost_data/models/gnn/predictions
[2020-06-02--01:22:47] Proving...
[2020-06-02--01:23:24] Proving done (423 proofs found).
[2020-06-02--01:23:24] Mining done
[2020-06-02--01:23:24] Loop statistics: 
                         Conjectures proved (all iterations)  : 219 / 342 (64.04%)
                         Conjectures proved (this iteration) : 219 / 342 (64.04%)
                         Conjectures' dependencies            : 609
                         Training dependencies                : 1694
                         Theorems in training dependencies    : 1219

[2020-06-02--01:23:24] ### Loop iteration no. 2 ###
[2020-06-02--01:23:24] Preparing training data...
[2020-06-02--01:29:16] Training data prepared
[2020-06-02--01:29:16] Training GNN model...
[2020-06-02--01:46:18] Training GNN model done
[2020-06-02--01:46:18] Model saved to data/MPTP2078/atpboost_data/models/gnn/model/epoch_100
[2020-06-02--01:46:39] Predictions saved to data/MPTP2078/atpboost_data/models/gnn/predictions
[2020-06-02--01:46:39] Proving...
[2020-06-02--01:49:33] Proving done (1022 proofs found).
[2020-06-02--01:49:33] Mining...
[2020-06-02--01:49:43] Predictions saved to data/MPTP2078/atpboost_data/models/gnn/predictions
[2020-06-02--01:49:43] Proving...
[2020-06-02--01:50:22] Proving done (435 proofs found).
[2020-06-02--01:50:22] Mining done
[2020-06-02--01:50:22] Loop statistics: 
                         Conjectures proved (all iterations)  : 226 / 342 (66.08%)
                         Conjectures proved (this iteration) : 225 / 342 (65.79%)
                         Conjectures' dependencies            : 1089
                         Training dependencies                : 2257
                         Theorems in training dependencies    : 1226

[2020-06-02--01:50:22] ### Loop iteration no. 3 ###
[2020-06-02--01:50:22] Preparing training data...
[2020-06-02--01:58:16] Training data prepared
[2020-06-02--01:58:16] Training GNN model...
[2020-06-02--02:21:15] Training GNN model done
[2020-06-02--02:21:15] Model saved to data/MPTP2078/atpboost_data/models/gnn/model/epoch_100
[2020-06-02--02:21:37] Predictions saved to data/MPTP2078/atpboost_data/models/gnn/predictions
[2020-06-02--02:21:37] Proving...
[2020-06-02--02:24:29] Proving done (1073 proofs found).
[2020-06-02--02:24:30] Mining...
[2020-06-02--02:24:39] Predictions saved to data/MPTP2078/atpboost_data/models/gnn/predictions
[2020-06-02--02:24:39] Proving...
[2020-06-02--02:25:13] Proving done (476 proofs found).
[2020-06-02--02:25:14] Mining done
[2020-06-02--02:25:14] Loop statistics: 
                         Conjectures proved (all iterations)  : 229 / 342 (66.96%)
                         Conjectures proved (this iteration) : 224 / 342 (65.50%)
                         Conjectures' dependencies            : 1492
                         Training dependencies                : 2744
                         Theorems in training dependencies    : 1229

[2020-06-02--02:25:14] ### Loop iteration no. 4 ###
[2020-06-02--02:25:14] Preparing training data...
[2020-06-02--02:34:56] Training data prepared
[2020-06-02--02:34:56] Training GNN model...
[2020-06-02--03:04:34] Training GNN model done
[2020-06-02--03:04:34] Model saved to data/MPTP2078/atpboost_data/models/gnn/model/epoch_100
[2020-06-02--03:04:56] Predictions saved to data/MPTP2078/atpboost_data/models/gnn/predictions
[2020-06-02--03:04:56] Proving...
[2020-06-02--03:07:56] Proving done (1064 proofs found).
[2020-06-02--03:07:57] Mining...
[2020-06-02--03:08:07] Predictions saved to data/MPTP2078/atpboost_data/models/gnn/predictions
[2020-06-02--03:08:07] Proving...
[2020-06-02--03:08:46] Proving done (434 proofs found).
[2020-06-02--03:08:46] Mining done
[2020-06-02--03:08:46] Loop statistics: 
                         Conjectures proved (all iterations)  : 234 / 342 (68.42%)
                         Conjectures proved (this iteration) : 230 / 342 (67.25%)
                         Conjectures' dependencies            : 1845
                         Training dependencies                : 3177
                         Theorems in training dependencies    : 1234

[2020-06-02--03:08:46] ### Loop iteration no. 5 ###
[2020-06-02--03:08:46] Preparing training data...
[2020-06-02--03:20:05] Training data prepared
[2020-06-02--03:20:05] Training GNN model...
[2020-06-02--03:54:10] Training GNN model done
[2020-06-02--03:54:10] Model saved to data/MPTP2078/atpboost_data/models/gnn/model/epoch_100
[2020-06-02--03:54:31] Predictions saved to data/MPTP2078/atpboost_data/models/gnn/predictions
[2020-06-02--03:54:31] Proving...
[2020-06-02--03:57:25] Proving done (1088 proofs found).
[2020-06-02--03:57:25] Mining...
[2020-06-02--03:57:36] Predictions saved to data/MPTP2078/atpboost_data/models/gnn/predictions
[2020-06-02--03:57:36] Proving...
[2020-06-02--03:58:19] Proving done (432 proofs found).
[2020-06-02--03:58:19] Mining done
[2020-06-02--03:58:19] Loop statistics: 
                         Conjectures proved (all iterations)  : 236 / 342 (69.01%)
                         Conjectures proved (this iteration) : 227 / 342 (66.37%)
                         Conjectures' dependencies            : 2202
                         Training dependencies                : 3614
                         Theorems in training dependencies    : 1236
