[2020-05-30--04:24:38] Initial data statistics: 
                         Theorems in training dependencies    : 1000
                         All training dependencies            : 1000
                         Number of conjectures                : 342
                         Conjectures with dependencies        : 0 (0.00%)

[2020-05-30--04:24:38] ### Loop iteration no. 1 ###
[2020-05-30--04:24:39] Preparing training data...
[2020-05-30--04:28:32] Training data prepared
[2020-05-30--04:28:32] Training GNN model...
[2020-05-30--04:40:11] Training GNN model done
[2020-05-30--04:40:11] Model saved to data/MPTP2078/atpboost_data/models/gnn/model/epoch_100
[2020-05-30--04:40:32] Predictions saved to data/MPTP2078/atpboost_data/models/gnn/predictions
[2020-05-30--04:40:32] Proving...
[2020-05-30--04:43:42] Proving done (906 proofs found).
[2020-05-30--04:43:42] Mining...
[2020-05-30--04:43:52] Predictions saved to data/MPTP2078/atpboost_data/models/gnn/predictions
[2020-05-30--04:43:52] Proving...
[2020-05-30--04:44:29] Proving done (452 proofs found).
[2020-05-30--04:44:29] Mining done
[2020-05-30--04:44:29] Loop statistics: 
                         Conjectures proved (all iterations)  : 213 / 342 (62.28%)
                         Conjectures proved (this interation) : 213 / 342 (62.28%)
                         All training dependencies            : 1712
                         Theorems in training dependencies    : 1213

[2020-05-30--04:44:29] ### Loop iteration no. 2 ###
[2020-05-30--04:44:29] Preparing training data...
[2020-05-30--04:50:24] Training data prepared
[2020-05-30--04:50:24] Training GNN model...
[2020-05-30--05:07:44] Training GNN model done
[2020-05-30--05:07:44] Model saved to data/MPTP2078/atpboost_data/models/gnn/model/epoch_100
[2020-05-30--05:08:03] Predictions saved to data/MPTP2078/atpboost_data/models/gnn/predictions
[2020-05-30--05:08:03] Proving...
[2020-05-30--05:10:56] Proving done (1030 proofs found).
[2020-05-30--05:10:56] Mining...
[2020-05-30--05:11:06] Predictions saved to data/MPTP2078/atpboost_data/models/gnn/predictions
[2020-05-30--05:11:06] Proving...
[2020-05-30--05:11:50] Proving done (412 proofs found).
[2020-05-30--05:11:50] Mining done
[2020-05-30--05:11:50] Loop statistics: 
                         Conjectures proved (all iterations)  : 223 / 342 (65.20%)
                         Conjectures proved (this interation) : 215 / 342 (62.87%)
                         All training dependencies            : 2253
                         Theorems in training dependencies    : 1223

[2020-05-30--05:11:50] ### Loop iteration no. 3 ###
[2020-05-30--05:11:50] Preparing training data...
[2020-05-30--05:19:43] Training data prepared
[2020-05-30--05:19:43] Training GNN model...
[2020-05-30--05:43:14] Training GNN model done
[2020-05-30--05:43:14] Model saved to data/MPTP2078/atpboost_data/models/gnn/model/epoch_100
[2020-05-30--05:43:36] Predictions saved to data/MPTP2078/atpboost_data/models/gnn/predictions
[2020-05-30--05:43:36] Proving...
[2020-05-30--05:46:31] Proving done (1034 proofs found).
[2020-05-30--05:46:31] Mining...
[2020-05-30--05:46:41] Predictions saved to data/MPTP2078/atpboost_data/models/gnn/predictions
[2020-05-30--05:46:41] Proving...
[2020-05-30--05:47:27] Proving done (448 proofs found).
[2020-05-30--05:47:27] Mining done
[2020-05-30--05:47:27] Loop statistics: 
                         Conjectures proved (all iterations)  : 229 / 342 (66.96%)
                         Conjectures proved (this interation) : 222 / 342 (64.91%)
                         All training dependencies            : 2751
                         Theorems in training dependencies    : 1229

[2020-05-30--05:47:27] ### Loop iteration no. 4 ###
[2020-05-30--05:47:27] Preparing training data...
[2020-05-30--05:57:05] Training data prepared
[2020-05-30--05:57:05] Training GNN model...
[2020-05-30--06:26:05] Training GNN model done
[2020-05-30--06:26:05] Model saved to data/MPTP2078/atpboost_data/models/gnn/model/epoch_100
[2020-05-30--06:26:25] Predictions saved to data/MPTP2078/atpboost_data/models/gnn/predictions
[2020-05-30--06:26:26] Proving...
[2020-05-30--06:29:21] Proving done (1072 proofs found).
[2020-05-30--06:29:22] Mining...
[2020-05-30--06:29:32] Predictions saved to data/MPTP2078/atpboost_data/models/gnn/predictions
[2020-05-30--06:29:32] Proving...
[2020-05-30--06:30:07] Proving done (477 proofs found).
[2020-05-30--06:30:07] Mining done
[2020-05-30--06:30:07] Loop statistics: 
                         Conjectures proved (all iterations)  : 230 / 342 (67.25%)
                         Conjectures proved (this interation) : 223 / 342 (65.20%)
                         All training dependencies            : 3177
                         Theorems in training dependencies    : 1230

[2020-05-30--06:30:07] ### Loop iteration no. 5 ###
[2020-05-30--06:30:07] Preparing training data...
[2020-05-30--06:41:22] Training data prepared
[2020-05-30--06:41:22] Training GNN model...
[2020-05-30--07:15:03] Training GNN model done
[2020-05-30--07:15:03] Model saved to data/MPTP2078/atpboost_data/models/gnn/model/epoch_100
[2020-05-30--07:15:25] Predictions saved to data/MPTP2078/atpboost_data/models/gnn/predictions
[2020-05-30--07:15:25] Proving...
[2020-05-30--07:18:14] Proving done (1041 proofs found).
[2020-05-30--07:18:14] Mining...
[2020-05-30--07:18:24] Predictions saved to data/MPTP2078/atpboost_data/models/gnn/predictions
[2020-05-30--07:18:24] Proving...
[2020-05-30--07:19:02] Proving done (461 proofs found).
[2020-05-30--07:19:03] Mining done
[2020-05-30--07:19:03] Loop statistics: 
                         Conjectures proved (all iterations)  : 233 / 342 (68.13%)
                         Conjectures proved (this interation) : 227 / 342 (66.37%)
                         All training dependencies            : 3562
                         Theorems in training dependencies    : 1233
