[2020-06-01--19:44:13] Initial data statistics: 
                         Theorems in training dependencies    : 1000
                         All training dependencies            : 1000
                         Number of conjectures                : 342
                         Conjectures with dependencies        : 0 (0.00%)

[2020-06-01--19:44:13] ### Loop iteration no. 1 ###
[2020-06-01--19:44:13] Making predictions for 342 conjectures...
[2020-06-01--19:44:17] Predictions saved to data/MPTP2078/atpboost_data/models/predictions.knn
[2020-06-01--19:44:18] Proving...
[2020-06-01--19:49:19] Proving done (704 proofs found).
[2020-06-01--19:49:20] Mining...
[2020-06-01--19:49:20] Making predictions for 100 conjectures...
[2020-06-01--19:49:21] Predictions saved to data/MPTP2078/atpboost_data/models/predictions.knn
[2020-06-01--19:49:21] Proving...
[2020-06-01--19:50:28] Proving done (368 proofs found).
[2020-06-01--19:50:29] Mining done
[2020-06-01--19:50:29] Loop statistics: 
                         Conjectures proved (all iterations)  : 197 / 342 (57.60%)
                         Conjectures proved (this iteration) : 197 / 342 (57.60%)
                         Conjectures' dependencies            : 523
                         Training dependencies                : 1608
                         Theorems in training dependencies    : 1197

[2020-06-01--19:50:29] ### Loop iteration no. 2 ###
[2020-06-01--19:50:29] Making predictions for 342 conjectures...
[2020-06-01--19:50:34] Predictions saved to data/MPTP2078/atpboost_data/models/predictions.knn
[2020-06-01--19:50:34] Proving...
[2020-06-01--19:55:06] Proving done (859 proofs found).
[2020-06-01--19:55:06] Mining...
[2020-06-01--19:55:06] Making predictions for 100 conjectures...
[2020-06-01--19:55:08] Predictions saved to data/MPTP2078/atpboost_data/models/predictions.knn
[2020-06-01--19:55:08] Proving...
[2020-06-01--19:56:22] Proving done (343 proofs found).
[2020-06-01--19:56:22] Mining done
[2020-06-01--19:56:22] Loop statistics: 
                         Conjectures proved (all iterations)  : 201 / 342 (58.77%)
                         Conjectures proved (this iteration) : 198 / 342 (57.89%)
                         Conjectures' dependencies            : 917
                         Training dependencies                : 2085
                         Theorems in training dependencies    : 1201

[2020-06-01--19:56:22] ### Loop iteration no. 3 ###
[2020-06-01--19:56:22] Making predictions for 342 conjectures...
[2020-06-01--19:56:28] Predictions saved to data/MPTP2078/atpboost_data/models/predictions.knn
[2020-06-01--19:56:28] Proving...
[2020-06-01--20:01:04] Proving done (811 proofs found).
[2020-06-01--20:01:04] Mining...
[2020-06-01--20:01:04] Making predictions for 100 conjectures...
[2020-06-01--20:01:06] Predictions saved to data/MPTP2078/atpboost_data/models/predictions.knn
[2020-06-01--20:01:06] Proving...
[2020-06-01--20:02:23] Proving done (281 proofs found).
[2020-06-01--20:02:23] Mining done
[2020-06-01--20:02:23] Loop statistics: 
                         Conjectures proved (all iterations)  : 204 / 342 (59.65%)
                         Conjectures proved (this iteration) : 196 / 342 (57.31%)
                         Conjectures' dependencies            : 1181
                         Training dependencies                : 2424
                         Theorems in training dependencies    : 1204

[2020-06-01--20:02:23] ### Loop iteration no. 4 ###
[2020-06-01--20:02:23] Making predictions for 342 conjectures...
[2020-06-01--20:02:28] Predictions saved to data/MPTP2078/atpboost_data/models/predictions.knn
[2020-06-01--20:02:29] Proving...
[2020-06-01--20:07:13] Proving done (795 proofs found).
[2020-06-01--20:07:13] Mining...
[2020-06-01--20:07:13] Making predictions for 100 conjectures...
[2020-06-01--20:07:15] Predictions saved to data/MPTP2078/atpboost_data/models/predictions.knn
[2020-06-01--20:07:15] Proving...
[2020-06-01--20:08:29] Proving done (331 proofs found).
[2020-06-01--20:08:30] Mining done
[2020-06-01--20:08:30] Loop statistics: 
                         Conjectures proved (all iterations)  : 205 / 342 (59.94%)
                         Conjectures proved (this iteration) : 196 / 342 (57.31%)
                         Conjectures' dependencies            : 1368
                         Training dependencies                : 2687
                         Theorems in training dependencies    : 1205

[2020-06-01--20:08:30] ### Loop iteration no. 5 ###
[2020-06-01--20:08:30] Making predictions for 342 conjectures...
[2020-06-01--20:08:35] Predictions saved to data/MPTP2078/atpboost_data/models/predictions.knn
[2020-06-01--20:08:35] Proving...
[2020-06-01--20:13:17] Proving done (768 proofs found).
[2020-06-01--20:13:17] Mining...
[2020-06-01--20:13:17] Making predictions for 100 conjectures...
[2020-06-01--20:13:19] Predictions saved to data/MPTP2078/atpboost_data/models/predictions.knn
[2020-06-01--20:13:19] Proving...
[2020-06-01--20:14:57] Proving done (319 proofs found).
[2020-06-01--20:14:58] Mining done
[2020-06-01--20:14:58] Loop statistics: 
                         Conjectures proved (all iterations)  : 205 / 342 (59.94%)
                         Conjectures proved (this iteration) : 194 / 342 (56.73%)
                         Conjectures' dependencies            : 1543
                         Training dependencies                : 2929
                         Theorems in training dependencies    : 1205

[2020-06-01--20:14:58] ### Loop iteration no. 6 ###
[2020-06-01--20:14:58] Making predictions for 342 conjectures...
[2020-06-01--20:15:03] Predictions saved to data/MPTP2078/atpboost_data/models/predictions.knn
[2020-06-01--20:15:03] Proving...
[2020-06-01--20:19:47] Proving done (754 proofs found).
[2020-06-01--20:19:47] Mining...
[2020-06-01--20:19:47] Making predictions for 100 conjectures...
[2020-06-01--20:19:49] Predictions saved to data/MPTP2078/atpboost_data/models/predictions.knn
[2020-06-01--20:19:49] Proving...
[2020-06-01--20:21:07] Proving done (287 proofs found).
[2020-06-01--20:21:07] Mining done
[2020-06-01--20:21:07] Loop statistics: 
                         Conjectures proved (all iterations)  : 205 / 342 (59.94%)
                         Conjectures proved (this iteration) : 193 / 342 (56.43%)
                         Conjectures' dependencies            : 1666
                         Training dependencies                : 3117
                         Theorems in training dependencies    : 1205

[2020-06-01--20:21:07] ### Loop iteration no. 7 ###
[2020-06-01--20:21:07] Making predictions for 342 conjectures...
[2020-06-01--20:21:13] Predictions saved to data/MPTP2078/atpboost_data/models/predictions.knn
[2020-06-01--20:21:13] Proving...
[2020-06-01--20:25:58] Proving done (748 proofs found).
[2020-06-01--20:25:58] Mining...
[2020-06-01--20:25:58] Making predictions for 100 conjectures...
[2020-06-01--20:26:00] Predictions saved to data/MPTP2078/atpboost_data/models/predictions.knn
[2020-06-01--20:26:00] Proving...
[2020-06-01--20:27:16] Proving done (286 proofs found).
[2020-06-01--20:27:16] Mining done
[2020-06-01--20:27:16] Loop statistics: 
                         Conjectures proved (all iterations)  : 206 / 342 (60.23%)
                         Conjectures proved (this iteration) : 195 / 342 (57.02%)
                         Conjectures' dependencies            : 1785
                         Training dependencies                : 3293
                         Theorems in training dependencies    : 1206

[2020-06-01--20:27:16] ### Loop iteration no. 8 ###
[2020-06-01--20:27:16] Making predictions for 342 conjectures...
[2020-06-01--20:27:22] Predictions saved to data/MPTP2078/atpboost_data/models/predictions.knn
[2020-06-01--20:27:22] Proving...
[2020-06-01--20:32:07] Proving done (744 proofs found).
[2020-06-01--20:32:07] Mining...
[2020-06-01--20:32:07] Making predictions for 100 conjectures...
[2020-06-01--20:32:09] Predictions saved to data/MPTP2078/atpboost_data/models/predictions.knn
[2020-06-01--20:32:09] Proving...
[2020-06-01--20:33:36] Proving done (235 proofs found).
[2020-06-01--20:33:36] Mining done
[2020-06-01--20:33:36] Loop statistics: 
                         Conjectures proved (all iterations)  : 206 / 342 (60.23%)
                         Conjectures proved (this iteration) : 195 / 342 (57.02%)
                         Conjectures' dependencies            : 1874
                         Training dependencies                : 3446
                         Theorems in training dependencies    : 1206

[2020-06-01--20:33:36] ### Loop iteration no. 9 ###
[2020-06-01--20:33:36] Making predictions for 342 conjectures...
[2020-06-01--20:33:42] Predictions saved to data/MPTP2078/atpboost_data/models/predictions.knn
[2020-06-01--20:33:42] Proving...
[2020-06-01--20:38:29] Proving done (728 proofs found).
[2020-06-01--20:38:30] Mining...
[2020-06-01--20:38:30] Making predictions for 100 conjectures...
[2020-06-01--20:38:32] Predictions saved to data/MPTP2078/atpboost_data/models/predictions.knn
[2020-06-01--20:38:32] Proving...
[2020-06-01--20:39:55] Proving done (269 proofs found).
[2020-06-01--20:39:55] Mining done
