[2020-05-20--13:19:28] ### Loop iteration no. 1 ###
[2020-05-20--13:19:28] Preparing training data...
[2020-05-20--13:19:32] Training data prepared
[2020-05-20--13:19:32] Training XGBoost model...
[2020-05-20--13:19:49] Training XGBoost model done
[2020-05-20--13:19:49] Parameters of the XGBoost model:
                         rounds: 1024
                         eta: 0.1
                         max_depth: 10
                         booster: gbtree
                         objective: binary:logistic
[2020-05-20--13:19:49] Model saved to data/MPTP2078/atpboost_data/models/model.xgb
[2020-05-20--13:20:11] Proving...
[2020-05-20--13:23:45] Proving done (995 proofs found).
[2020-05-20--13:23:45] Mining...
[2020-05-20--13:23:53] Proving...
[2020-05-20--13:24:50] Proving done (528 proofs found).
[2020-05-20--13:24:51] Mining done
[2020-05-20--13:24:51] Loop statistics: 
                         Conjectures proved (all iterations)  : 226 / 342 (66.08%)
