[2020-06-05--16:42:01] Initial data statistics: 
                         Theorems in training dependencies    : 966
                         All training dependencies            : 17314
                         Number of conjectures                : 342
                         Conjectures with dependencies        : 0 (0.00%)

[2020-06-05--16:42:01] ### Loop iteration no. 1 ###
[2020-06-05--18:47:36] Proving...
[2020-06-05--18:52:57] Proving done (288 proofs found).
[2020-06-05--18:52:57] Mining...
[2020-06-05--18:53:05] Proving...
[2020-06-05--18:53:29] Proving done (682 proofs found).
[2020-06-05--18:53:29] Mining done
[2020-06-05--18:53:29] Loop statistics: 
                         Conjectures proved (all iterations)  : 69 / 342 (20.18%)
                         Conjectures proved (this iteration)  : 69 / 342 (20.18%)
                         Conjectures' dependencies            : 223
                         Training dependencies                : 17626
                         Theorems in training dependencies    : 1035

[2020-06-05--18:53:29] ### Loop iteration no. 2 ###
[2020-06-05--21:02:34] Proving...
[2020-06-05--21:10:10] Proving done (432 proofs found).
[2020-06-05--21:10:10] Mining...
[2020-06-05--21:10:21] Proving...
[2020-06-05--21:11:17] Proving done (688 proofs found).
[2020-06-05--21:11:17] Mining done
[2020-06-05--21:11:17] Loop statistics: 
                         Conjectures proved (all iterations)  : 87 / 342 (25.44%)
                         Conjectures proved (this iteration)  : 87 / 342 (25.44%)
                         Conjectures' dependencies            : 411
                         Training dependencies                : 17903
                         Theorems in training dependencies    : 1053

[2020-06-05--21:11:17] ### Loop iteration no. 3 ###
[2020-06-05--23:02:25] Proving...
[2020-06-05--23:06:12] Proving done (539 proofs found).
[2020-06-05--23:06:13] Mining...
[2020-06-05--23:06:21] Proving...
[2020-06-05--23:07:07] Proving done (663 proofs found).
[2020-06-05--23:07:08] Mining done
[2020-06-05--23:07:08] Loop statistics: 
                         Conjectures proved (all iterations)  : 95 / 342 (27.78%)
                         Conjectures proved (this iteration)  : 95 / 342 (27.78%)
                         Conjectures' dependencies            : 560
                         Training dependencies                : 18139
                         Theorems in training dependencies    : 1061

[2020-06-05--23:07:08] ### Loop iteration no. 4 ###
[2020-06-06--00:59:46] Proving...
[2020-06-06--01:03:14] Proving done (617 proofs found).
[2020-06-06--01:03:14] Mining...
[2020-06-06--01:03:22] Proving...
[2020-06-06--01:04:07] Proving done (687 proofs found).
[2020-06-06--01:04:07] Mining done
[2020-06-06--01:04:07] Loop statistics: 
                         Conjectures proved (all iterations)  : 103 / 342 (30.12%)
                         Conjectures proved (this iteration)  : 103 / 342 (30.12%)
                         Conjectures' dependencies            : 685
                         Training dependencies                : 18353
                         Theorems in training dependencies    : 1069

[2020-06-06--01:04:07] ### Loop iteration no. 5 ###
[2020-06-06--03:06:53] Proving...
[2020-06-06--03:10:23] Proving done (706 proofs found).
[2020-06-06--03:10:24] Mining...
[2020-06-06--03:10:32] Proving...
[2020-06-06--03:11:09] Proving done (720 proofs found).
[2020-06-06--03:11:09] Mining done
[2020-06-06--03:11:09] Loop statistics: 
                         Conjectures proved (all iterations)  : 114 / 342 (33.33%)
                         Conjectures proved (this iteration)  : 114 / 342 (33.33%)
                         Conjectures' dependencies            : 798
                         Training dependencies                : 18543
                         Theorems in training dependencies    : 1080
