[2020-06-06--15:23:43] Initial data statistics: 
                         Theorems in training dependencies    : 966
                         All training dependencies            : 17314
                         Number of conjectures                : 342
                         Conjectures with dependencies        : 0 (0.00%)

[2020-06-06--15:23:43] ### Loop iteration no. 1 ###
[2020-06-06--17:18:08] Proving...
[2020-06-06--17:22:31] Proving done (264 proofs found).
[2020-06-06--17:22:31] Mining...
[2020-06-06--17:22:39] Proving...
[2020-06-06--17:23:09] Proving done (571 proofs found).
[2020-06-06--17:23:09] Mining done
[2020-06-06--17:23:10] Loop statistics: 
                         Conjectures proved (all iterations)  : 88 / 342 (25.73%)
                         Conjectures proved (this iteration)  : 88 / 342 (25.73%)
                         Conjectures' dependencies            : 230
                         Training dependencies                : 17636
                         Theorems in training dependencies    : 1054

[2020-06-06--17:23:10] ### Loop iteration no. 2 ###
[2020-06-06--19:24:35] Proving...
[2020-06-06--19:28:35] Proving done (492 proofs found).
[2020-06-06--19:28:36] Mining...
[2020-06-06--19:28:43] Proving...
[2020-06-06--19:29:20] Proving done (624 proofs found).
[2020-06-06--19:29:21] Mining done
[2020-06-06--19:29:21] Loop statistics: 
                         Conjectures proved (all iterations)  : 125 / 342 (36.55%)
                         Conjectures proved (this iteration)  : 121 / 342 (35.38%)
                         Conjectures' dependencies            : 518
                         Training dependencies                : 18011
                         Theorems in training dependencies    : 1091

[2020-06-06--19:29:21] ### Loop iteration no. 3 ###
[2020-06-06--21:32:14] Proving...
[2020-06-06--21:35:55] Proving done (654 proofs found).
[2020-06-06--21:35:56] Mining...
[2020-06-06--21:36:04] Proving...
[2020-06-06--21:36:50] Proving done (637 proofs found).
[2020-06-06--21:36:50] Mining done
[2020-06-06--21:36:50] Loop statistics: 
                         Conjectures proved (all iterations)  : 134 / 342 (39.18%)
                         Conjectures proved (this iteration)  : 132 / 342 (38.60%)
                         Conjectures' dependencies            : 796
                         Training dependencies                : 18372
                         Theorems in training dependencies    : 1100

[2020-06-06--21:36:50] ### Loop iteration no. 4 ###
[2020-06-06--23:39:12] Proving...
[2020-06-06--23:42:48] Proving done (785 proofs found).
[2020-06-06--23:42:48] Mining...
[2020-06-06--23:42:56] Proving...
[2020-06-06--23:43:42] Proving done (666 proofs found).
[2020-06-06--23:43:43] Mining done
[2020-06-06--23:43:43] Loop statistics: 
                         Conjectures proved (all iterations)  : 143 / 342 (41.81%)
                         Conjectures proved (this iteration)  : 140 / 342 (40.94%)
                         Conjectures' dependencies            : 1022
                         Training dependencies                : 18681
                         Theorems in training dependencies    : 1109

[2020-06-06--23:43:43] ### Loop iteration no. 5 ###
[2020-06-07--01:46:49] Proving...
[2020-06-07--01:50:22] Proving done (870 proofs found).
[2020-06-07--01:50:22] Mining...
[2020-06-07--01:50:30] Proving...
[2020-06-07--01:51:17] Proving done (655 proofs found).
[2020-06-07--01:51:17] Mining done
[2020-06-07--01:51:18] Loop statistics: 
                         Conjectures proved (all iterations)  : 149 / 342 (43.57%)
                         Conjectures proved (this iteration)  : 147 / 342 (42.98%)
                         Conjectures' dependencies            : 1226
                         Training dependencies                : 18965
                         Theorems in training dependencies    : 1115
