[2020-06-07--01:51:18] Initial data statistics: 
                         Theorems in training dependencies    : 1000
                         All training dependencies            : 1000
                         Number of conjectures                : 342
                         Conjectures with dependencies        : 0 (0.00%)

[2020-06-07--01:51:18] ### Loop iteration no. 1 ###
[2020-06-07--04:20:42] Proving...
[2020-06-07--04:23:26] Proving done (2 proofs found).
[2020-06-07--04:23:26] Mining...
[2020-06-07--04:23:34] Proving...
[2020-06-07--04:24:21] Proving done (3 proofs found).
[2020-06-07--04:24:21] Mining done
[2020-06-07--04:24:21] Loop statistics: 
                         Conjectures proved (all iterations)  : 1 / 342 (0.29%)
                         Conjectures proved (this iteration)  : 1 / 342 (0.29%)
                         Conjectures' dependencies            : 1
                         Training dependencies                : 1001
                         Theorems in training dependencies    : 1001

[2020-06-07--04:24:21] ### Loop iteration no. 2 ###
[2020-06-07--06:51:31] Proving...
[2020-06-07--06:53:57] Proving done (18 proofs found).
[2020-06-07--06:53:57] Mining...
[2020-06-07--06:54:05] Proving...
[2020-06-07--06:54:51] Proving done (8 proofs found).
[2020-06-07--06:54:51] Mining done
[2020-06-07--06:54:51] Loop statistics: 
                         Conjectures proved (all iterations)  : 11 / 342 (3.22%)
                         Conjectures proved (this iteration)  : 10 / 342 (2.92%)
                         Conjectures' dependencies            : 14
                         Training dependencies                : 1018
                         Theorems in training dependencies    : 1011

[2020-06-07--06:54:51] ### Loop iteration no. 3 ###
[2020-06-07--09:18:54] Proving...
[2020-06-07--09:22:39] Proving done (47 proofs found).
[2020-06-07--09:22:39] Mining...
[2020-06-07--09:22:46] Proving...
[2020-06-07--09:23:56] Proving done (19 proofs found).
[2020-06-07--09:23:56] Mining done
[2020-06-07--09:23:56] Loop statistics: 
                         Conjectures proved (all iterations)  : 29 / 342 (8.48%)
                         Conjectures proved (this iteration)  : 26 / 342 (7.60%)
                         Conjectures' dependencies            : 37
                         Training dependencies                : 1053
                         Theorems in training dependencies    : 1029

[2020-06-07--09:23:56] ### Loop iteration no. 4 ###
[2020-06-07--11:48:54] Proving...
[2020-06-07--11:54:17] Proving done (34 proofs found).
[2020-06-07--11:54:17] Mining...
[2020-06-07--11:54:24] Proving...
[2020-06-07--11:56:04] Proving done (5 proofs found).
[2020-06-07--11:56:04] Mining done
[2020-06-07--11:56:04] Loop statistics: 
                         Conjectures proved (all iterations)  : 31 / 342 (9.06%)
                         Conjectures proved (this iteration)  : 17 / 342 (4.97%)
                         Conjectures' dependencies            : 41
                         Training dependencies                : 1058
                         Theorems in training dependencies    : 1031

[2020-06-07--11:56:04] ### Loop iteration no. 5 ###
[2020-06-07--14:23:35] Proving...
[2020-06-07--14:29:31] Proving done (36 proofs found).
[2020-06-07--14:29:31] Mining...
[2020-06-07--14:29:38] Proving...
[2020-06-07--14:31:25] Proving done (6 proofs found).
[2020-06-07--14:31:25] Mining done
[2020-06-07--14:31:25] Loop statistics: 
                         Conjectures proved (all iterations)  : 31 / 342 (9.06%)
                         Conjectures proved (this iteration)  : 16 / 342 (4.68%)
                         Conjectures' dependencies            : 44
                         Training dependencies                : 1064
                         Theorems in training dependencies    : 1031
