[2020-06-02--14:15:50] Initial data statistics: 
                         Theorems in training dependencies    : 1000
                         All training dependencies            : 1000
                         Number of conjectures                : 342
                         Conjectures with dependencies        : 0 (0.00%)

[2020-06-02--14:15:50] ### Loop iteration no. 1 ###
[2020-06-02--16:53:16] Proving...
[2020-06-02--16:53:24] Proving done (0 proofs found).
[2020-06-02--16:53:24] Mining...
[2020-06-02--16:53:31] Proving...
[2020-06-02--16:53:32] Proving done (0 proofs found).
[2020-06-02--16:53:32] Loop statistics: 
                         Conjectures proved (all iterations)  : 0 / 342 (0.00%)
                         Conjectures proved (this iteration) : 0 / 342 (0.00%)
                         Conjectures' dependencies            : 0
                         Training dependencies                : 1000
                         Theorems in training dependencies    : 1000

[2020-06-02--16:53:32] ### Loop iteration no. 2 ###
[2020-06-02--19:23:20] Proving...
[2020-06-02--19:23:23] Proving done (0 proofs found).
[2020-06-02--19:23:23] Mining...
[2020-06-02--19:23:31] Proving...
[2020-06-02--19:23:32] Proving done (0 proofs found).
[2020-06-02--19:23:32] Loop statistics: 
                         Conjectures proved (all iterations)  : 0 / 342 (0.00%)
                         Conjectures proved (this iteration) : 0 / 342 (0.00%)
                         Conjectures' dependencies            : 0
                         Training dependencies                : 1000
                         Theorems in training dependencies    : 1000

[2020-06-02--19:23:32] ### Loop iteration no. 3 ###
[2020-06-02--21:59:30] Proving...
[2020-06-02--21:59:31] Proving done (0 proofs found).
[2020-06-02--21:59:31] Mining...
[2020-06-02--21:59:40] Proving...
[2020-06-02--21:59:40] Proving done (0 proofs found).
[2020-06-02--21:59:40] Loop statistics: 
                         Conjectures proved (all iterations)  : 0 / 342 (0.00%)
                         Conjectures proved (this iteration) : 0 / 342 (0.00%)
                         Conjectures' dependencies            : 0
                         Training dependencies                : 1000
                         Theorems in training dependencies    : 1000

[2020-06-02--21:59:40] ### Loop iteration no. 4 ###
[2020-06-03--00:35:12] Proving...
[2020-06-03--00:35:15] Proving done (0 proofs found).
[2020-06-03--00:35:15] Mining...
[2020-06-03--00:35:22] Proving...
[2020-06-03--00:35:23] Proving done (0 proofs found).
[2020-06-03--00:35:23] Loop statistics: 
                         Conjectures proved (all iterations)  : 0 / 342 (0.00%)
                         Conjectures proved (this iteration) : 0 / 342 (0.00%)
                         Conjectures' dependencies            : 0
                         Training dependencies                : 1000
                         Theorems in training dependencies    : 1000

[2020-06-03--00:35:23] ### Loop iteration no. 5 ###
[2020-06-03--03:09:15] Proving...
[2020-06-03--03:09:16] Proving done (0 proofs found).
[2020-06-03--03:09:16] Mining...
[2020-06-03--03:09:25] Proving...
[2020-06-03--03:09:25] Proving done (0 proofs found).
[2020-06-03--03:09:25] Loop statistics: 
                         Conjectures proved (all iterations)  : 0 / 342 (0.00%)
                         Conjectures proved (this iteration) : 0 / 342 (0.00%)
                         Conjectures' dependencies            : 0
                         Training dependencies                : 1000
                         Theorems in training dependencies    : 1000

[2020-06-03--03:09:25] ### Loop iteration no. 6 ###
[2020-06-03--05:45:37] Proving...
[2020-06-03--05:45:40] Proving done (0 proofs found).
[2020-06-03--05:45:40] Mining...
[2020-06-03--05:45:48] Proving...
[2020-06-03--05:45:49] Proving done (0 proofs found).
[2020-06-03--05:45:49] Loop statistics: 
                         Conjectures proved (all iterations)  : 0 / 342 (0.00%)
                         Conjectures proved (this iteration) : 0 / 342 (0.00%)
                         Conjectures' dependencies            : 0
                         Training dependencies                : 1000
                         Theorems in training dependencies    : 1000

[2020-06-03--05:45:49] ### Loop iteration no. 7 ###
[2020-06-03--08:20:04] Proving...
[2020-06-03--08:20:08] Proving done (0 proofs found).
[2020-06-03--08:20:08] Mining...
[2020-06-03--08:20:15] Proving...
[2020-06-03--08:20:16] Proving done (0 proofs found).
[2020-06-03--08:20:16] Loop statistics: 
                         Conjectures proved (all iterations)  : 0 / 342 (0.00%)
                         Conjectures proved (this iteration) : 0 / 342 (0.00%)
                         Conjectures' dependencies            : 0
                         Training dependencies                : 1000
                         Theorems in training dependencies    : 1000

[2020-06-03--08:20:16] ### Loop iteration no. 8 ###
[2020-06-03--10:45:58] Proving...
[2020-06-03--10:46:02] Proving done (0 proofs found).
[2020-06-03--10:46:02] Mining...
[2020-06-03--10:46:09] Proving...
[2020-06-03--10:46:10] Proving done (0 proofs found).
[2020-06-03--10:46:10] Loop statistics: 
                         Conjectures proved (all iterations)  : 0 / 342 (0.00%)
                         Conjectures proved (this iteration) : 0 / 342 (0.00%)
                         Conjectures' dependencies            : 0
                         Training dependencies                : 1000
                         Theorems in training dependencies    : 1000

[2020-06-03--10:46:10] ### Loop iteration no. 9 ###
[2020-06-03--15:35:35] Initial data statistics: 
                         Theorems in training dependencies    : 1000
                         All training dependencies            : 1000
                         Number of conjectures                : 342
                         Conjectures with dependencies        : 0 (0.00%)

[2020-06-03--15:35:35] ### Loop iteration no. 1 ###
[2020-06-03--18:01:17] Proving...
[2020-06-03--18:04:50] Proving done (3 proofs found).
[2020-06-03--18:04:50] Mining...
[2020-06-03--18:05:00] Proving...
[2020-06-03--18:06:06] Proving done (0 proofs found).
[2020-06-03--18:06:06] Loop statistics: 
                         Conjectures proved (all iterations)  : 2 / 342 (0.58%)
                         Conjectures proved (this iteration) : 2 / 342 (0.58%)
                         Conjectures' dependencies            : 2
                         Training dependencies                : 1002
                         Theorems in training dependencies    : 1002

[2020-06-03--18:06:06] ### Loop iteration no. 2 ###
[2020-06-03--20:42:10] Proving...
[2020-06-03--20:45:40] Proving done (18 proofs found).
[2020-06-03--20:45:40] Mining...
[2020-06-03--20:45:48] Proving...
[2020-06-03--20:46:52] Proving done (7 proofs found).
[2020-06-03--20:46:52] Mining done
[2020-06-03--20:46:52] Loop statistics: 
                         Conjectures proved (all iterations)  : 10 / 342 (2.92%)
                         Conjectures proved (this iteration) : 9 / 342 (2.63%)
                         Conjectures' dependencies            : 12
                         Training dependencies                : 1013
                         Theorems in training dependencies    : 1010

[2020-06-03--20:46:52] ### Loop iteration no. 3 ###
