[2020-06-06--07:22:26] Initial data statistics: 
                         Theorems in training dependencies    : 1000
                         All training dependencies            : 1000
                         Number of conjectures                : 342
                         Conjectures with dependencies        : 0 (0.00%)

[2020-06-06--07:22:26] ### Loop iteration no. 1 ###
[2020-06-06--07:22:27] Preparing training data...
[2020-06-06--07:22:37] Training data prepared
[2020-06-06--07:22:37] Training XGBoost model...
[2020-06-06--07:50:39] Training XGBoost model done
[2020-06-06--07:50:39] Parameters of the XGBoost model:
                         rounds: 1000
                         eta: 0.1
                         max_depth: 10
                         booster: gbtree
                         objective: binary:logistic
[2020-06-06--07:50:39] Model saved to data/MPTP2078/atpboost_data/models/xgb/model
[2020-06-06--07:50:39] Making predictions for 342 conjectures...
[2020-06-06--07:51:22] Predictions saved to data/MPTP2078/atpboost_data/models/xgb/predictions
[2020-06-06--07:51:22] Proving...
[2020-06-06--07:54:07] Proving done (1234 proofs found).
[2020-06-06--07:54:08] Mining...
[2020-06-06--07:54:08] Making predictions for 700 conjectures...
[2020-06-06--07:55:44] Predictions saved to data/MPTP2078/atpboost_data/models/xgb/predictions
[2020-06-06--07:55:45] Proving...
[2020-06-06--08:00:32] Proving done (3043 proofs found).
[2020-06-06--08:00:34] Mining done
[2020-06-06--08:00:34] Loop statistics: 
                         Conjectures proved (all iterations)  : 278 / 342 (81.29%)
                         Conjectures proved (this iteration)  : 278 / 342 (81.29%)
                         Conjectures' dependencies            : 801
                         Training dependencies                : 2409
                         Theorems in training dependencies    : 1278

[2020-06-06--08:00:34] ### Loop iteration no. 2 ###
[2020-06-06--08:00:34] Preparing training data...
[2020-06-06--08:01:07] Training data prepared
[2020-06-06--08:01:07] Training XGBoost model...
[2020-06-06--08:51:23] Training XGBoost model done
[2020-06-06--08:51:23] Parameters of the XGBoost model:
                         rounds: 1000
                         eta: 0.1
                         max_depth: 10
                         booster: gbtree
                         objective: binary:logistic
[2020-06-06--08:51:23] Model saved to data/MPTP2078/atpboost_data/models/xgb/model
[2020-06-06--08:51:23] Making predictions for 342 conjectures...
[2020-06-06--08:52:09] Predictions saved to data/MPTP2078/atpboost_data/models/xgb/predictions
[2020-06-06--08:52:09] Proving...
[2020-06-06--08:54:42] Proving done (1321 proofs found).
[2020-06-06--08:54:43] Mining...
[2020-06-06--08:54:43] Making predictions for 700 conjectures...
[2020-06-06--08:56:20] Predictions saved to data/MPTP2078/atpboost_data/models/xgb/predictions
[2020-06-06--08:56:21] Proving...
[2020-06-06--09:00:53] Proving done (3062 proofs found).
[2020-06-06--09:00:56] Mining done
[2020-06-06--09:00:56] Loop statistics: 
                         Conjectures proved (all iterations)  : 289 / 342 (84.50%)
                         Conjectures proved (this iteration)  : 278 / 342 (81.29%)
                         Conjectures' dependencies            : 1371
                         Training dependencies                : 3498
                         Theorems in training dependencies    : 1289

[2020-06-06--09:00:56] ### Loop iteration no. 3 ###
[2020-06-06--09:00:56] Preparing training data...
[2020-06-06--09:01:33] Training data prepared
[2020-06-06--09:01:33] Training XGBoost model...
[2020-06-06--10:02:43] Training XGBoost model done
[2020-06-06--10:02:43] Parameters of the XGBoost model:
                         rounds: 1000
                         eta: 0.1
                         max_depth: 10
                         booster: gbtree
                         objective: binary:logistic
[2020-06-06--10:02:43] Model saved to data/MPTP2078/atpboost_data/models/xgb/model
[2020-06-06--10:02:43] Making predictions for 342 conjectures...
[2020-06-06--10:03:26] Predictions saved to data/MPTP2078/atpboost_data/models/xgb/predictions
[2020-06-06--10:03:26] Proving...
[2020-06-06--10:05:59] Proving done (1294 proofs found).
[2020-06-06--10:06:00] Mining...
[2020-06-06--10:06:00] Making predictions for 700 conjectures...
[2020-06-06--10:07:33] Predictions saved to data/MPTP2078/atpboost_data/models/xgb/predictions
[2020-06-06--10:07:34] Proving...
[2020-06-06--10:12:15] Proving done (2903 proofs found).
[2020-06-06--10:12:18] Mining done
[2020-06-06--10:12:18] Loop statistics: 
                         Conjectures proved (all iterations)  : 295 / 342 (86.26%)
                         Conjectures proved (this iteration)  : 283 / 342 (82.75%)
                         Conjectures' dependencies            : 1803
                         Training dependencies                : 4408
                         Theorems in training dependencies    : 1295

[2020-06-06--10:12:18] ### Loop iteration no. 4 ###
[2020-06-06--10:12:18] Preparing training data...
[2020-06-06--10:12:50] Training data prepared
[2020-06-06--10:12:50] Training XGBoost model...
[2020-06-06--11:12:43] Training XGBoost model done
[2020-06-06--11:12:43] Parameters of the XGBoost model:
                         rounds: 1000
                         eta: 0.1
                         max_depth: 10
                         booster: gbtree
                         objective: binary:logistic
[2020-06-06--11:12:43] Model saved to data/MPTP2078/atpboost_data/models/xgb/model
[2020-06-06--11:12:43] Making predictions for 342 conjectures...
[2020-06-06--11:13:25] Predictions saved to data/MPTP2078/atpboost_data/models/xgb/predictions
[2020-06-06--11:13:25] Proving...
[2020-06-06--11:15:56] Proving done (1263 proofs found).
[2020-06-06--11:15:57] Mining...
[2020-06-06--11:15:57] Making predictions for 700 conjectures...
[2020-06-06--11:17:26] Predictions saved to data/MPTP2078/atpboost_data/models/xgb/predictions
[2020-06-06--11:17:27] Proving...
[2020-06-06--11:22:15] Proving done (2784 proofs found).
[2020-06-06--11:22:18] Mining done
[2020-06-06--11:22:18] Loop statistics: 
                         Conjectures proved (all iterations)  : 300 / 342 (87.72%)
                         Conjectures proved (this iteration)  : 283 / 342 (82.75%)
                         Conjectures' dependencies            : 2165
                         Training dependencies                : 5179
                         Theorems in training dependencies    : 1300

[2020-06-06--11:22:18] ### Loop iteration no. 5 ###
[2020-06-06--11:22:18] Preparing training data...
[2020-06-06--11:23:00] Training data prepared
[2020-06-06--11:23:00] Training XGBoost model...
[2020-06-06--12:34:37] Training XGBoost model done
[2020-06-06--12:34:37] Parameters of the XGBoost model:
                         rounds: 1000
                         eta: 0.1
                         max_depth: 10
                         booster: gbtree
                         objective: binary:logistic
[2020-06-06--12:34:37] Model saved to data/MPTP2078/atpboost_data/models/xgb/model
[2020-06-06--12:34:37] Making predictions for 342 conjectures...
[2020-06-06--12:35:27] Predictions saved to data/MPTP2078/atpboost_data/models/xgb/predictions
[2020-06-06--12:35:27] Proving...
[2020-06-06--12:37:58] Proving done (1257 proofs found).
[2020-06-06--12:37:59] Mining...
[2020-06-06--12:37:59] Making predictions for 700 conjectures...
[2020-06-06--12:39:37] Predictions saved to data/MPTP2078/atpboost_data/models/xgb/predictions
[2020-06-06--12:39:37] Proving...
[2020-06-06--12:44:20] Proving done (2835 proofs found).
[2020-06-06--12:44:23] Mining done
[2020-06-06--12:44:23] Loop statistics: 
                         Conjectures proved (all iterations)  : 301 / 342 (88.01%)
                         Conjectures proved (this iteration)  : 284 / 342 (83.04%)
                         Conjectures' dependencies            : 2480
                         Training dependencies                : 5883
                         Theorems in training dependencies    : 1301
