[2020-05-22--20:40:31] Initial data statistics: 
                         Theorems in training dependencies    : 1000
                         All training dependencies            : 1000
                         Number of conjectures                : 342
                         Conjectures with dependencies        : 0 (0.00%)

[2020-05-22--20:40:31] ### Loop iteration no. 1 ###
[2020-05-22--20:40:44] Initial data statistics: 
                         Theorems in training dependencies    : 1000
                         All training dependencies            : 1000
                         Number of conjectures                : 342
                         Conjectures with dependencies        : 0 (0.00%)

[2020-05-22--20:40:44] ### Loop iteration no. 1 ###
[2020-05-22--20:40:51] Initial data statistics: 
                         Theorems in training dependencies    : 1000
                         All training dependencies            : 1000
                         Number of conjectures                : 342
                         Conjectures with dependencies        : 0 (0.00%)

[2020-05-22--20:40:51] ### Loop iteration no. 1 ###
[2020-05-22--20:41:15] Initial data statistics: 
                         Theorems in training dependencies    : 1000
                         All training dependencies            : 1000
                         Number of conjectures                : 342
                         Conjectures with dependencies        : 0 (0.00%)

[2020-05-22--20:41:15] ### Loop iteration no. 1 ###
[2020-05-22--20:41:36] Initial data statistics: 
                         Theorems in training dependencies    : 1000
                         All training dependencies            : 1000
                         Number of conjectures                : 342
                         Conjectures with dependencies        : 0 (0.00%)

[2020-05-22--20:41:36] ### Loop iteration no. 1 ###
[2020-05-22--20:41:56] Initial data statistics: 
                         Theorems in training dependencies    : 1000
                         All training dependencies            : 1000
                         Number of conjectures                : 342
                         Conjectures with dependencies        : 0 (0.00%)

[2020-05-22--20:41:56] ### Loop iteration no. 1 ###
[2020-05-22--20:42:06] Preparing training data...
[2020-05-22--20:42:12] Training data prepared
[2020-05-22--20:42:12] Training XGBoost model...
[2020-05-22--20:42:30] Training XGBoost model done
[2020-05-22--20:42:30] Parameters of the XGBoost model:
                         rounds: 1024
                         eta: 0.1
                         max_depth: 10
                         booster: gbtree
                         objective: binary:logistic
[2020-05-22--20:42:30] Model saved to data/MPTP2078/atpboost_data/models/model.xgb
[2020-05-22--20:42:52] Proving...
[2020-05-22--20:48:21] Initial data statistics: 
                         Theorems in training dependencies    : 1000
                         All training dependencies            : 1000
                         Number of conjectures                : 342
                         Conjectures with dependencies        : 0 (0.00%)

[2020-05-22--20:48:21] ### Loop iteration no. 1 ###
[2020-05-22--20:48:21] Preparing training data...
[2020-05-22--20:48:26] Training data prepared
[2020-05-22--20:48:26] Training XGBoost model...
[2020-05-22--20:48:44] Training XGBoost model done
[2020-05-22--20:48:44] Parameters of the XGBoost model:
                         rounds: 1000
                         eta: 0.1
                         max_depth: 10
                         booster: gbtree
                         objective: binary:logistic
[2020-05-22--20:48:44] Model saved to data/MPTP2078/atpboost_data/models/model.xgb
[2020-05-22--20:48:44] Making predictions for 25 conjectures...
[2020-05-22--20:49:04] Predictions saved to data/MPTP2078/atpboost_data/models/predictions.xgb
[2020-05-22--20:49:05] Proving...
[2020-05-22--20:52:54] Proving done (1244 proofs found).
[2020-05-22--20:52:55] Mining...
[2020-05-22--20:52:55] Making predictions for 128 conjectures...
[2020-05-22--20:53:03] Predictions saved to data/MPTP2078/atpboost_data/models/predictions.xgb
[2020-05-22--20:53:03] Proving...
[2020-05-22--20:54:21] Proving done (541 proofs found).
[2020-05-22--20:54:21] Mining done
[2020-05-22--20:54:21] Loop statistics: 
                         Conjectures proved (all iterations)  : 277 / 342 (80.99%)
                         Conjectures proved (this interation) : 277 / 342 (80.99%)
                         All training dependencies            : 1929
                         Theorems in training dependencies    : 1277

[2020-05-22--20:54:21] ### Loop iteration no. 2 ###
[2020-05-22--20:54:21] Preparing training data...
[2020-05-22--20:54:29] Training data prepared
[2020-05-22--20:54:29] Training XGBoost model...
[2020-05-22--20:54:51] Training XGBoost model done
[2020-05-22--20:54:51] Parameters of the XGBoost model:
                         rounds: 1000
                         eta: 0.1
                         max_depth: 10
                         booster: gbtree
                         objective: binary:logistic
[2020-05-22--20:54:51] Model saved to data/MPTP2078/atpboost_data/models/model.xgb
[2020-05-22--20:54:51] Making predictions for 25 conjectures...
[2020-05-22--20:55:11] Predictions saved to data/MPTP2078/atpboost_data/models/predictions.xgb
[2020-05-22--20:55:12] Proving...
[2020-05-22--20:58:38] Proving done (1384 proofs found).
[2020-05-22--20:58:39] Mining...
[2020-05-22--20:58:39] Making predictions for 129 conjectures...
[2020-05-22--20:58:46] Predictions saved to data/MPTP2078/atpboost_data/models/predictions.xgb
[2020-05-22--20:58:46] Proving...
[2020-05-22--20:59:57] Proving done (591 proofs found).
[2020-05-22--20:59:57] Mining done
[2020-05-22--20:59:57] Loop statistics: 
                         Conjectures proved (all iterations)  : 291 / 342 (85.09%)
                         Conjectures proved (this interation) : 288 / 342 (84.21%)
                         All training dependencies            : 2621
                         Theorems in training dependencies    : 1291

[2020-05-22--20:59:57] ### Loop iteration no. 3 ###
[2020-05-22--20:59:57] Preparing training data...
[2020-05-22--21:00:06] Training data prepared
[2020-05-22--21:00:06] Training XGBoost model...
