[2020-05-22--15:35:44] Initial data statistics: 
                         Theorems in training dependencies    : 1000
                         All training dependencies            : 1000
                         Number of conjectures                : 342
                         Conjectures with dependencies        : 0 (0.00%)

[2020-05-22--15:35:44] ### Loop iteration no. 1 ###
[2020-05-22--15:35:44] Preparing training data...
[2020-05-22--15:36:07] Initial data statistics: 
                         Theorems in training dependencies    : 1000
                         All training dependencies            : 1000
                         Number of conjectures                : 342
                         Conjectures with dependencies        : 0 (0.00%)

[2020-05-22--15:36:07] ### Loop iteration no. 1 ###
[2020-05-22--15:36:08] Preparing training data...
[2020-05-22--15:36:11] Training data prepared
[2020-05-22--15:36:11] Training XGBoost model...
[2020-05-22--15:37:31] Training XGBoost model done
[2020-05-22--15:37:31] Parameters of the XGBoost model:
                         rounds: 5000
                         eta: 0.1
                         max_depth: 10
                         booster: gbtree
                         objective: binary:logistic
[2020-05-22--15:37:31] Model saved to data/MPTP2078/atpboost_data/models/model.xgb
[2020-05-22--15:37:50] Proving...
[2020-05-22--15:42:21] Proving done (1055 proofs found).
[2020-05-22--15:42:22] Loop statistics: 
                         Conjectures proved (all iterations)  : 227 / 342 (66.37%)
                         Conjectures proved (this interation) : 227 / 342 (66.37%)
                         All training dependencies            : 1727
                         Theorems in training dependencies    : 1227
[2020-05-22--15:42:23] Initial data statistics: 
                         Theorems in training dependencies    : 1000
                         All training dependencies            : 1000
                         Number of conjectures                : 342
                         Conjectures with dependencies        : 0 (0.00%)

[2020-05-22--15:42:23] ### Loop iteration no. 1 ###
[2020-05-22--15:42:23] Preparing training data...
[2020-05-22--15:42:29] Training data prepared
[2020-05-22--15:42:29] Training XGBoost model...
[2020-05-22--15:45:36] Initial data statistics: 
                         Theorems in training dependencies    : 1000
                         All training dependencies            : 1000
                         Number of conjectures                : 342
                         Conjectures with dependencies        : 0 (0.00%)

[2020-05-22--15:45:36] ### Loop iteration no. 1 ###
[2020-05-22--15:45:36] Preparing training data...
[2020-05-22--15:45:41] Training data prepared
[2020-05-22--15:45:41] Training XGBoost model...
[2020-05-22--15:46:58] Training XGBoost model done
[2020-05-22--15:46:58] Parameters of the XGBoost model:
                         rounds: 5000
                         eta: 0.1
                         max_depth: 10
                         booster: gbtree
                         objective: binary:logistic
[2020-05-22--15:46:58] Model saved to data/MPTP2078/atpboost_data/models/model.xgb
[2020-05-22--15:47:17] Proving...
[2020-05-22--15:50:56] Initial data statistics: 
                         Theorems in training dependencies    : 1000
                         All training dependencies            : 1000
                         Number of conjectures                : 342
                         Conjectures with dependencies        : 0 (0.00%)

[2020-05-22--15:50:56] ### Loop iteration no. 1 ###
[2020-05-22--15:50:56] Preparing training data...
[2020-05-22--15:51:01] Training data prepared
[2020-05-22--15:51:01] Training XGBoost model...
[2020-05-22--15:52:20] Training XGBoost model done
[2020-05-22--15:52:20] Parameters of the XGBoost model:
                         rounds: 5000
                         eta: 0.1
                         max_depth: 10
                         booster: gbtree
                         objective: binary:logistic
[2020-05-22--15:52:20] Model saved to data/MPTP2078/atpboost_data/models/model.xgb
[2020-05-22--15:52:39] Proving...
[2020-05-22--15:53:34] Initial data statistics: 
                         Theorems in training dependencies    : 1000
                         All training dependencies            : 1000
                         Number of conjectures                : 342
                         Conjectures with dependencies        : 0 (0.00%)

[2020-05-22--15:53:34] ### Loop iteration no. 1 ###
[2020-05-22--15:53:34] Preparing training data...
[2020-05-22--15:53:39] Training data prepared
[2020-05-22--15:53:39] Training XGBoost model...
[2020-05-22--15:54:57] Training XGBoost model done
[2020-05-22--15:54:57] Parameters of the XGBoost model:
                         rounds: 5000
                         eta: 0.1
                         max_depth: 10
                         booster: gbtree
                         objective: binary:logistic
[2020-05-22--15:54:57] Model saved to data/MPTP2078/atpboost_data/models/model.xgb
[2020-05-22--15:55:16] Proving...
[2020-05-22--15:59:02] Proving done (956 proofs found).
[2020-05-22--15:59:02] Loop statistics: 
                         Conjectures proved (all iterations)  : 216 / 342 (63.16%)
                         Conjectures proved (this interation) : 216 / 342 (63.16%)
                         All training dependencies            : 1654
                         Theorems in training dependencies    : 1216
